C:\USERS\ALEXANDER\DOCUMENTS\VISUAL STUDIO 2010\PROJECTS\HISTOGRAMCREATOR\DEBUG\HISTOGRAMCREATOR.EXE
C:\USERS\ALEXANDER\DOCUMENTS\VISUAL STUDIO 2010\PROJECTS\HISTOGRAMCREATOR\DEBUG\HISTOGRAMCREATOR.ILK
C:\USERS\ALEXANDER\DOCUMENTS\VISUAL STUDIO 2010\PROJECTS\HISTOGRAMCREATOR\DEBUG\HISTOGRAMCREATOR.PDB
C:\Users\Alexander\Documents\Visual Studio 2010\Projects\HistogramCreator\HistogramCreator\Debug\cl.command.1.tlog
C:\Users\Alexander\Documents\Visual Studio 2010\Projects\HistogramCreator\HistogramCreator\Debug\CL.read.1.tlog
C:\Users\Alexander\Documents\Visual Studio 2010\Projects\HistogramCreator\HistogramCreator\Debug\CL.write.1.tlog
C:\USERS\ALEXANDER\DOCUMENTS\VISUAL STUDIO 2010\PROJECTS\HISTOGRAMCREATOR\HISTOGRAMCREATOR\DEBUG\HISTOGRAMCREATOR.EXE.EMBED.MANIFEST
C:\USERS\ALEXANDER\DOCUMENTS\VISUAL STUDIO 2010\PROJECTS\HISTOGRAMCREATOR\HISTOGRAMCREATOR\DEBUG\HISTOGRAMCREATOR.EXE.EMBED.MANIFEST.RES
C:\USERS\ALEXANDER\DOCUMENTS\VISUAL STUDIO 2010\PROJECTS\HISTOGRAMCREATOR\HISTOGRAMCREATOR\DEBUG\HISTOGRAMCREATOR.EXE.INTERMEDIATE.MANIFEST
C:\USERS\ALEXANDER\DOCUMENTS\VISUAL STUDIO 2010\PROJECTS\HISTOGRAMCREATOR\HISTOGRAMCREATOR\DEBUG\HISTOGRAMCREATOR.OBJ
C:\USERS\ALEXANDER\DOCUMENTS\VISUAL STUDIO 2010\PROJECTS\HISTOGRAMCREATOR\HISTOGRAMCREATOR\DEBUG\HISTOGRAMCREATOR.PCH
C:\Users\Alexander\Documents\Visual Studio 2010\Projects\HistogramCreator\HistogramCreator\Debug\HistogramCreator_manifest.rc
C:\Users\Alexander\Documents\Visual Studio 2010\Projects\HistogramCreator\HistogramCreator\Debug\link.5524.read.1.tlog
C:\Users\Alexander\Documents\Visual Studio 2010\Projects\HistogramCreator\HistogramCreator\Debug\link.5524.write.1.tlog
C:\Users\Alexander\Documents\Visual Studio 2010\Projects\HistogramCreator\HistogramCreator\Debug\link.5524-cvtres.read.1.tlog
C:\Users\Alexander\Documents\Visual Studio 2010\Projects\HistogramCreator\HistogramCreator\Debug\link.5524-cvtres.write.1.tlog
C:\Users\Alexander\Documents\Visual Studio 2010\Projects\HistogramCreator\HistogramCreator\Debug\link.command.1.tlog
C:\Users\Alexander\Documents\Visual Studio 2010\Projects\HistogramCreator\HistogramCreator\Debug\link.read.1.tlog
C:\Users\Alexander\Documents\Visual Studio 2010\Projects\HistogramCreator\HistogramCreator\Debug\link.write.1.tlog
C:\Users\Alexander\Documents\Visual Studio 2010\Projects\HistogramCreator\HistogramCreator\Debug\link-cvtres.read.1.tlog
C:\Users\Alexander\Documents\Visual Studio 2010\Projects\HistogramCreator\HistogramCreator\Debug\link-cvtres.write.1.tlog
C:\Users\Alexander\Documents\Visual Studio 2010\Projects\HistogramCreator\HistogramCreator\Debug\mt.command.1.tlog
C:\Users\Alexander\Documents\Visual Studio 2010\Projects\HistogramCreator\HistogramCreator\Debug\mt.read.1.tlog
C:\Users\Alexander\Documents\Visual Studio 2010\Projects\HistogramCreator\HistogramCreator\Debug\mt.write.1.tlog
C:\Users\Alexander\Documents\Visual Studio 2010\Projects\HistogramCreator\HistogramCreator\Debug\rc.command.1.tlog
C:\Users\Alexander\Documents\Visual Studio 2010\Projects\HistogramCreator\HistogramCreator\Debug\rc.read.1.tlog
C:\Users\Alexander\Documents\Visual Studio 2010\Projects\HistogramCreator\HistogramCreator\Debug\rc.write.1.tlog
C:\USERS\ALEXANDER\DOCUMENTS\VISUAL STUDIO 2010\PROJECTS\HISTOGRAMCREATOR\HISTOGRAMCREATOR\DEBUG\STDAFX.OBJ
C:\Users\Alexander\Documents\Visual Studio 2010\Projects\HistogramCreator\HistogramCreator\Debug\vc100.idb
C:\USERS\ALEXANDER\DOCUMENTS\VISUAL STUDIO 2010\PROJECTS\HISTOGRAMCREATOR\HISTOGRAMCREATOR\DEBUG\VC100.PDB
