Build started 17.10.2013 0:34:20.
     1>Project "C:\Users\Alexander\Documents\Visual Studio 2010\Projects\HistogramCreator\HistogramCreator\HistogramCreator.vcxproj" on node 2 (rebuild target(s)).
     1>_PrepareForClean:
         Deleting file "Release\HistogramCreator.lastbuildstate".
       InitializeBuildStatus:
         Creating "Release\HistogramCreator.unsuccessfulbuild" because "AlwaysCreate" was specified.
       ClCompile:
         C:\Program Files (x86)\Microsoft Visual Studio 10.0\VC\bin\CL.exe /c /Zi /nologo /W3 /WX- /O2 /Oi /Oy- /GL /D WIN32 /D NDEBUG /D _CONSOLE /D _UNICODE /D UNICODE /Gm- /EHsc /MD /GS /Gy /fp:precise /Zc:wchar_t /Zc:forScope /Yc"StdAfx.h" /Fp"Release\HistogramCreator.pch" /Fo"Release\\" /Fd"Release\vc100.pdb" /Gd /TP /analyze- /errorReport:prompt stdafx.cpp
         stdafx.cpp
         C:\Program Files (x86)\Microsoft Visual Studio 10.0\VC\bin\CL.exe /c /Zi /nologo /W3 /WX- /O2 /Oi /Oy- /GL /D WIN32 /D NDEBUG /D _CONSOLE /D _UNICODE /D UNICODE /Gm- /EHsc /MD /GS /Gy /fp:precise /Zc:wchar_t /Zc:forScope /Yu"StdAfx.h" /Fp"Release\HistogramCreator.pch" /Fo"Release\\" /Fd"Release\vc100.pdb" /Gd /TP /analyze- /errorReport:prompt HistogramCreator.cpp TrafficHistogram.cpp
         HistogramCreator.cpp
     1>HistogramCreator.cpp(25): warning C4996: 'strcpy': This function or variable may be unsafe. Consider using strcpy_s instead. To disable deprecation, use _CRT_SECURE_NO_WARNINGS. See online help for details.
                 C:\Program Files (x86)\Microsoft Visual Studio 10.0\VC\include\string.h(105) : see declaration of 'strcpy'
     1>HistogramCreator.cpp(25): warning C4996: 'strcat': This function or variable may be unsafe. Consider using strcat_s instead. To disable deprecation, use _CRT_SECURE_NO_WARNINGS. See online help for details.
                 C:\Program Files (x86)\Microsoft Visual Studio 10.0\VC\include\string.h(110) : see declaration of 'strcat'
     1>HistogramCreator.cpp(45): warning C4244: 'argument' : conversion from 'double' to 'int', possible loss of data
         TrafficHistogram.cpp
       Link:
         C:\Program Files (x86)\Microsoft Visual Studio 10.0\VC\bin\link.exe /ERRORREPORT:PROMPT /OUT:"C:\Users\Alexander\Documents\Visual Studio 2010\Projects\HistogramCreator\Release\HistogramCreator.exe" /INCREMENTAL:NO /NOLOGO kernel32.lib user32.lib gdi32.lib winspool.lib comdlg32.lib advapi32.lib shell32.lib ole32.lib oleaut32.lib uuid.lib odbc32.lib odbccp32.lib /MANIFEST /ManifestFile:"Release\HistogramCreator.exe.intermediate.manifest" /MANIFESTUAC:"level='asInvoker' uiAccess='false'" /DEBUG /PDB:"C:\Users\Alexander\Documents\Visual Studio 2010\Projects\HistogramCreator\Release\HistogramCreator.pdb" /SUBSYSTEM:CONSOLE /OPT:REF /OPT:ICF /LTCG /TLBID:1 /DYNAMICBASE /NXCOMPAT /IMPLIB:"C:\Users\Alexander\Documents\Visual Studio 2010\Projects\HistogramCreator\Release\HistogramCreator.lib" /MACHINE:X86 Release\HistogramCreator.obj
         Release\stdafx.obj
         Release\TrafficHistogram.obj
         Generating code
     1>c:\users\alexander\documents\visual studio 2010\projects\histogramcreator\histogramcreator\traffichistogram.cpp(36): warning C4715: 'TrafficHistogram::isIntoRange' : not all control paths return a value
         Finished generating code
         HistogramCreator.vcxproj -> C:\Users\Alexander\Documents\Visual Studio 2010\Projects\HistogramCreator\Release\HistogramCreator.exe
       Manifest:
         C:\Program Files (x86)\Microsoft SDKs\Windows\v7.0A\bin\mt.exe /nologo /verbose /outputresource:"C:\Users\Alexander\Documents\Visual Studio 2010\Projects\HistogramCreator\Release\HistogramCreator.exe;#1" /manifest Release\HistogramCreator.exe.intermediate.manifest
       FinalizeBuildStatus:
         Deleting file "Release\HistogramCreator.unsuccessfulbuild".
         Touching "Release\HistogramCreator.lastbuildstate".
     1>Done Building Project "C:\Users\Alexander\Documents\Visual Studio 2010\Projects\HistogramCreator\HistogramCreator\HistogramCreator.vcxproj" (rebuild target(s)).

Build succeeded.

Time Elapsed 00:00:05.07
