Build started 03.03.2013 16:18:08.
     1>Project "c:\Users\Alexandr\documents\visual studio 2010\Projects\PacketAnalyser\PacketAnalyser\PacketAnalyser.vcxproj" on node 2 (build target(s)).
     1>InitializeBuildStatus:
         Creating "Debug\PacketAnalyser.unsuccessfulbuild" because "AlwaysCreate" was specified.
       ClCompile:
         C:\Program Files\Microsoft Visual Studio 10.0\VC\bin\CL.exe /c /ZI /nologo /W3 /WX- /Od /Oy- /D WIN32 /D _DEBUG /D _CONSOLE /D _UNICODE /D UNICODE /Gm /EHsc /RTC1 /MDd /GS /fp:precise /Zc:wchar_t /Zc:forScope /Yc"StdAfx.h" /Fp"Debug\PacketAnalyser.pch" /Fo"Debug\\" /Fd"Debug\vc100.pdb" /Gd /TP /analyze- /errorReport:prompt stdafx.cpp
         stdafx.cpp
         C:\Program Files\Microsoft Visual Studio 10.0\VC\bin\CL.exe /c /ZI /nologo /W3 /WX- /Od /Oy- /D WIN32 /D _DEBUG /D _CONSOLE /D _UNICODE /D UNICODE /Gm /EHsc /RTC1 /MDd /GS /fp:precise /Zc:wchar_t /Zc:forScope /Yu"StdAfx.h" /Fp"Debug\PacketAnalyser.pch" /Fo"Debug\\" /Fd"Debug\vc100.pdb" /Gd /TP /analyze- /errorReport:prompt PacketAnalyser.cpp
         PacketAnalyser.cpp
       ManifestResourceCompile:
         C:\Program Files\Microsoft SDKs\Windows\v7.0A\bin\rc.exe /nologo /fo"Debug\PacketAnalyser.exe.embed.manifest.res" Debug\PacketAnalyser_manifest.rc 
       Link:
         C:\Program Files\Microsoft Visual Studio 10.0\VC\bin\link.exe /ERRORREPORT:PROMPT /OUT:"c:\users\alexandr\documents\visual studio 2010\Projects\PacketAnalyser\Debug\PacketAnalyser.exe" /INCREMENTAL /NOLOGO kernel32.lib user32.lib gdi32.lib winspool.lib comdlg32.lib advapi32.lib shell32.lib ole32.lib oleaut32.lib uuid.lib odbc32.lib odbccp32.lib /MANIFEST /ManifestFile:"Debug\PacketAnalyser.exe.intermediate.manifest" /MANIFESTUAC:"level='asInvoker' uiAccess='false'" /DEBUG /PDB:"c:\users\alexandr\documents\visual studio 2010\Projects\PacketAnalyser\Debug\PacketAnalyser.pdb" /SUBSYSTEM:CONSOLE /TLBID:1 /DYNAMICBASE /NXCOMPAT /IMPLIB:"c:\users\alexandr\documents\visual studio 2010\Projects\PacketAnalyser\Debug\PacketAnalyser.lib" /MACHINE:X86 Debug\PacketAnalyser.exe.embed.manifest.res
         Debug\PacketAnalyser.obj
         Debug\stdafx.obj
       Manifest:
         C:\Program Files\Microsoft SDKs\Windows\v7.0A\bin\mt.exe /nologo /verbose /out:"Debug\PacketAnalyser.exe.embed.manifest" /manifest Debug\PacketAnalyser.exe.intermediate.manifest
         C:\Program Files\Microsoft SDKs\Windows\v7.0A\bin\rc.exe /nologo /fo"Debug\PacketAnalyser.exe.embed.manifest.res" Debug\PacketAnalyser_manifest.rc 
       LinkEmbedManifest:
         C:\Program Files\Microsoft Visual Studio 10.0\VC\bin\link.exe /ERRORREPORT:PROMPT /OUT:"c:\users\alexandr\documents\visual studio 2010\Projects\PacketAnalyser\Debug\PacketAnalyser.exe" /INCREMENTAL /NOLOGO kernel32.lib user32.lib gdi32.lib winspool.lib comdlg32.lib advapi32.lib shell32.lib ole32.lib oleaut32.lib uuid.lib odbc32.lib odbccp32.lib /MANIFEST /ManifestFile:"Debug\PacketAnalyser.exe.intermediate.manifest" /MANIFESTUAC:"level='asInvoker' uiAccess='false'" /DEBUG /PDB:"c:\users\alexandr\documents\visual studio 2010\Projects\PacketAnalyser\Debug\PacketAnalyser.pdb" /SUBSYSTEM:CONSOLE /TLBID:1 /DYNAMICBASE /NXCOMPAT /IMPLIB:"c:\users\alexandr\documents\visual studio 2010\Projects\PacketAnalyser\Debug\PacketAnalyser.lib" /MACHINE:X86 Debug\PacketAnalyser.exe.embed.manifest.res
         Debug\PacketAnalyser.obj
         Debug\stdafx.obj
         PacketAnalyser.vcxproj -> c:\users\alexandr\documents\visual studio 2010\Projects\PacketAnalyser\Debug\PacketAnalyser.exe
       FinalizeBuildStatus:
         Deleting file "Debug\PacketAnalyser.unsuccessfulbuild".
         Touching "Debug\PacketAnalyser.lastbuildstate".
     1>Done Building Project "c:\Users\Alexandr\documents\visual studio 2010\Projects\PacketAnalyser\PacketAnalyser\PacketAnalyser.vcxproj" (build target(s)).

Build succeeded.

Time Elapsed 00:00:04.22
