Build started 17.03.2013 22:23:37.
     1>Project "C:\Users\Alexandr\Documents\Visual Studio 2010\Projects\PacketAnalyser\PacketAnalyser\PacketAnalyser.vcxproj" on node 2 (rebuild target(s)).
     1>_PrepareForClean:
         Deleting file "Release\PacketAnalyser.lastbuildstate".
       InitializeBuildStatus:
         Creating "Release\PacketAnalyser.unsuccessfulbuild" because "AlwaysCreate" was specified.
       ClCompile:
         C:\Program Files\Microsoft Visual Studio 10.0\VC\bin\CL.exe /c /Zi /nologo /W3 /WX- /O2 /Oi /Oy- /GL /D WIN32 /D NDEBUG /D _CONSOLE /D _UNICODE /D UNICODE /Gm- /EHsc /MD /GS /Gy /fp:precise /Zc:wchar_t /Zc:forScope /Yc"StdAfx.h" /Fp"Release\PacketAnalyser.pch" /Fo"Release\\" /Fd"Release\vc100.pdb" /Gd /TP /analyze- /errorReport:prompt stdafx.cpp
         stdafx.cpp
         C:\Program Files\Microsoft Visual Studio 10.0\VC\bin\CL.exe /c /Zi /nologo /W3 /WX- /O2 /Oi /Oy- /GL /D WIN32 /D NDEBUG /D _CONSOLE /D _UNICODE /D UNICODE /Gm- /EHsc /MD /GS /Gy /fp:precise /Zc:wchar_t /Zc:forScope /Yu"StdAfx.h" /Fp"Release\PacketAnalyser.pch" /Fo"Release\\" /Fd"Release\vc100.pdb" /Gd /TP /analyze- /errorReport:prompt PacketAnalyser.cpp
         PacketAnalyser.cpp
     1>PacketAnalyser.cpp(32): warning C4996: 'strcpy': This function or variable may be unsafe. Consider using strcpy_s instead. To disable deprecation, use _CRT_SECURE_NO_WARNINGS. See online help for details.
                 C:\Program Files\Microsoft Visual Studio 10.0\VC\include\string.h(105) : see declaration of 'strcpy'
     1>PacketAnalyser.cpp(32): warning C4996: 'strcat': This function or variable may be unsafe. Consider using strcat_s instead. To disable deprecation, use _CRT_SECURE_NO_WARNINGS. See online help for details.
                 C:\Program Files\Microsoft Visual Studio 10.0\VC\include\string.h(110) : see declaration of 'strcat'
     1>PacketAnalyser.cpp(49): warning C4996: 'fopen': This function or variable may be unsafe. Consider using fopen_s instead. To disable deprecation, use _CRT_SECURE_NO_WARNINGS. See online help for details.
                 C:\Program Files\Microsoft Visual Studio 10.0\VC\include\stdio.h(234) : see declaration of 'fopen'
     1>PacketAnalyser.cpp(57): warning C4996: 'strcat': This function or variable may be unsafe. Consider using strcat_s instead. To disable deprecation, use _CRT_SECURE_NO_WARNINGS. See online help for details.
                 C:\Program Files\Microsoft Visual Studio 10.0\VC\include\string.h(110) : see declaration of 'strcat'
     1>PacketAnalyser.cpp(57): warning C4996: '_itoa': This function or variable may be unsafe. Consider using _itoa_s instead. To disable deprecation, use _CRT_SECURE_NO_WARNINGS. See online help for details.
                 C:\Program Files\Microsoft Visual Studio 10.0\VC\include\stdlib.h(451) : see declaration of '_itoa'
     1>PacketAnalyser.cpp(58): warning C4996: 'strcpy': This function or variable may be unsafe. Consider using strcpy_s instead. To disable deprecation, use _CRT_SECURE_NO_WARNINGS. See online help for details.
                 C:\Program Files\Microsoft Visual Studio 10.0\VC\include\string.h(105) : see declaration of 'strcpy'
     1>PacketAnalyser.cpp(58): warning C4996: 'strcat': This function or variable may be unsafe. Consider using strcat_s instead. To disable deprecation, use _CRT_SECURE_NO_WARNINGS. See online help for details.
                 C:\Program Files\Microsoft Visual Studio 10.0\VC\include\string.h(110) : see declaration of 'strcat'
     1>PacketAnalyser.cpp(58): warning C4996: 'fopen': This function or variable may be unsafe. Consider using fopen_s instead. To disable deprecation, use _CRT_SECURE_NO_WARNINGS. See online help for details.
                 C:\Program Files\Microsoft Visual Studio 10.0\VC\include\stdio.h(234) : see declaration of 'fopen'
       Link:
         C:\Program Files\Microsoft Visual Studio 10.0\VC\bin\link.exe /ERRORREPORT:PROMPT /OUT:"C:\Users\Alexandr\Documents\Visual Studio 2010\Projects\PacketAnalyser\Release\PacketAnalyser.exe" /INCREMENTAL:NO /NOLOGO /LIBPATH:C:\Users\Alexandr\University\Telecommunications\WORK\WpdPack\Lib kernel32.lib user32.lib gdi32.lib winspool.lib comdlg32.lib advapi32.lib shell32.lib ole32.lib oleaut32.lib uuid.lib odbc32.lib odbccp32.lib /MANIFEST /ManifestFile:"Release\PacketAnalyser.exe.intermediate.manifest" /MANIFESTUAC:"level='asInvoker' uiAccess='false'" /DEBUG /PDB:"C:\Users\Alexandr\Documents\Visual Studio 2010\Projects\PacketAnalyser\Release\PacketAnalyser.pdb" /SUBSYSTEM:CONSOLE /OPT:REF /OPT:ICF /LTCG /TLBID:1 /DYNAMICBASE /NXCOMPAT /IMPLIB:"C:\Users\Alexandr\Documents\Visual Studio 2010\Projects\PacketAnalyser\Release\PacketAnalyser.lib" /MACHINE:X86 Release\PacketAnalyser.obj
         Release\stdafx.obj
         Generating code
         Finished generating code
         PacketAnalyser.vcxproj -> C:\Users\Alexandr\Documents\Visual Studio 2010\Projects\PacketAnalyser\Release\PacketAnalyser.exe
       Manifest:
         C:\Program Files\Microsoft SDKs\Windows\v7.0A\bin\mt.exe /nologo /verbose /outputresource:"C:\Users\Alexandr\Documents\Visual Studio 2010\Projects\PacketAnalyser\Release\PacketAnalyser.exe;#1" /manifest Release\PacketAnalyser.exe.intermediate.manifest
       FinalizeBuildStatus:
         Deleting file "Release\PacketAnalyser.unsuccessfulbuild".
         Touching "Release\PacketAnalyser.lastbuildstate".
     1>Done Building Project "C:\Users\Alexandr\Documents\Visual Studio 2010\Projects\PacketAnalyser\PacketAnalyser\PacketAnalyser.vcxproj" (rebuild target(s)).

Build succeeded.

Time Elapsed 00:00:08.75
